0 info it worked if it ends with ok
1 verbose cli [ '/usr/local/Cellar/node/7.4.0/bin/node',
1 verbose cli   '/usr/local/bin/npm',
1 verbose cli   'publish' ]
2 info using npm@4.0.5
3 info using node@v7.4.0
4 verbose publish [ '.' ]
5 silly cache add args [ '.', null ]
6 verbose cache add spec .
7 silly cache add parsed spec Result {
7 silly cache add   raw: '.',
7 silly cache add   scope: null,
7 silly cache add   escapedName: null,
7 silly cache add   name: null,
7 silly cache add   rawSpec: '.',
7 silly cache add   spec: '/Users/joseo/Projects/Pier1/eslint-config-pier1',
7 silly cache add   type: 'directory' }
8 verbose addLocalDirectory /Users/joseo/.npm/eslint-config-pier1/0.0.5/package.tgz not in flight; packing
9 verbose correctMkdir /Users/joseo/.npm correctMkdir not in flight; initializing
10 info lifecycle eslint-config-pier1@0.0.5~prepublish: eslint-config-pier1@0.0.5
11 silly lifecycle eslint-config-pier1@0.0.5~prepublish: no script for prepublish, continuing
12 info lifecycle eslint-config-pier1@0.0.5~prepare: eslint-config-pier1@0.0.5
13 silly lifecycle eslint-config-pier1@0.0.5~prepare: no script for prepare, continuing
14 verbose tar pack [ '/Users/joseo/.npm/eslint-config-pier1/0.0.5/package.tgz',
14 verbose tar pack   '/Users/joseo/Projects/Pier1/eslint-config-pier1' ]
15 verbose tarball /Users/joseo/.npm/eslint-config-pier1/0.0.5/package.tgz
16 verbose folder /Users/joseo/Projects/Pier1/eslint-config-pier1
17 verbose addLocalTarball adding from inside cache /Users/joseo/.npm/eslint-config-pier1/0.0.5/package.tgz
18 verbose correctMkdir /Users/joseo/.npm correctMkdir not in flight; initializing
19 silly cache afterAdd eslint-config-pier1@0.0.5
20 verbose afterAdd /Users/joseo/.npm/eslint-config-pier1/0.0.5/package/package.json not in flight; writing
21 verbose correctMkdir /Users/joseo/.npm correctMkdir not in flight; initializing
22 verbose afterAdd /Users/joseo/.npm/eslint-config-pier1/0.0.5/package/package.json written
23 silly publish { name: 'eslint-config-pier1',
23 silly publish   version: '0.0.5',
23 silly publish   description: 'ESLint shareable config for Pier 1 Imports',
23 silly publish   license: 'Apache-2.0',
23 silly publish   repository:
23 silly publish    { type: 'git',
23 silly publish      url: 'git+https://github.com/pier1/eslint-config-pier1.git' },
23 silly publish   author: { name: 'Pier 1 Imports, Inc.' },
23 silly publish   engines: { node: '>=0.10.0' },
23 silly publish   scripts: {},
23 silly publish   files: [ 'index.js' ],
23 silly publish   keywords:
23 silly publish    [ 'pier1',
23 silly publish      'code',
23 silly publish      'quality',
23 silly publish      'style',
23 silly publish      'lint',
23 silly publish      'linter',
23 silly publish      'jscs',
23 silly publish      'jshint',
23 silly publish      'jslint',
23 silly publish      'eslint',
23 silly publish      'validate',
23 silly publish      'code style',
23 silly publish      'strict',
23 silly publish      'check',
23 silly publish      'checker',
23 silly publish      'verify',
23 silly publish      'enforce',
23 silly publish      'hint' ],
23 silly publish   devDependencies: { eslint: '^3.8.1' },
23 silly publish   peerDependencies: { eslint: '>=3.8.1' },
23 silly publish   readme: '# eslint-config-pier1 [![Build Status](https://travis-ci.org/pier1/eslint-config-pier1.svg?branch=master)](https://travis-ci.org/pier1/eslint-config-pier1)\n\n> ESLint [shareable config](http://eslint.org/docs/developer-guide/shareable-configs.html)\n\n\n## Installation\n\n```\n$ npm install --save-dev eslint eslint-config-pier1\n```\n\n\n## Usage\n\nOnce the `eslint-config-pier1` package is installed, you can use it by specifying `pier1` in the [`extends`](http://eslint.org/docs/user-guide/configuring#extending-configuration-files) section of your [ESLint configuration](http://eslint.org/docs/user-guide/configuring).\n\n```js\n{\n  "extends": "pier1",\n  "rules": {\n    // Additional, per-project rules...\n  }\n}\n```\n\n### Using the `pier1` config with `eslint:recommended`\n\nThere are several rules in the [`eslint:recommended` ruleset](http://eslint.org/docs/rules/) that you might want to override and enforce in your project.\n\nTo use Pier 1 Imports style in conjunction with ESLint\'s recommended rule set, extend them both, making sure to list `pier1` last:\n\n```js\n{\n  "extends": ["eslint:recommended", "pier1"],\n  "rules": {\n    // Additional, per-project rules...\n  }\n}\n```\n\nTo see how the `pier1` config compares with `eslint:recommended`, refer to the [source code of `index.js`](https://github.com/pier1/eslint-config-pier1/blob/master/index.js), which lists every ESLint rule along with whether (and how) it is enforced by the `pier1` config.\n\n\n## License\n\nApache-2 © Pier 1 Imports, Inc.\n',
23 silly publish   readmeFilename: 'README.md',
23 silly publish   gitHead: 'c56bf8eb31f819ec88458e4f285beeea5a858305',
23 silly publish   bugs: { url: 'https://github.com/pier1/eslint-config-pier1/issues' },
23 silly publish   homepage: 'https://github.com/pier1/eslint-config-pier1#readme',
23 silly publish   _id: 'eslint-config-pier1@0.0.5',
23 silly publish   _shasum: 'c80014dbe91c5d6605062e7c00eb7cc9be69a01e',
23 silly publish   _from: '.' }
24 info lifecycle eslint-config-pier1@0.0.5~prepublishOnly: eslint-config-pier1@0.0.5
25 silly lifecycle eslint-config-pier1@0.0.5~prepublishOnly: no script for prepublishOnly, continuing
26 verbose getPublishConfig undefined
27 silly mapToRegistry name eslint-config-pier1
28 silly mapToRegistry using default registry
29 silly mapToRegistry registry https://registry.npmjs.org/
30 silly mapToRegistry data Result {
30 silly mapToRegistry   raw: 'eslint-config-pier1',
30 silly mapToRegistry   scope: null,
30 silly mapToRegistry   escapedName: 'eslint-config-pier1',
30 silly mapToRegistry   name: 'eslint-config-pier1',
30 silly mapToRegistry   rawSpec: '',
30 silly mapToRegistry   spec: 'latest',
30 silly mapToRegistry   type: 'tag' }
31 silly mapToRegistry uri https://registry.npmjs.org/eslint-config-pier1
32 verbose publish registryBase https://registry.npmjs.org/
33 silly publish uploading /Users/joseo/.npm/eslint-config-pier1/0.0.5/package.tgz
34 verbose request uri https://registry.npmjs.org/eslint-config-pier1
35 verbose request sending authorization for write operation
36 info attempt registry request try #1 at 5:49:41 PM
37 verbose request using bearer token for auth
38 verbose request id a2585174f80929fa
39 http request PUT https://registry.npmjs.org/eslint-config-pier1
40 http 403 https://registry.npmjs.org/eslint-config-pier1
41 verbose headers { 'content-type': 'application/json',
41 verbose headers   'cache-control': 'max-age=300',
41 verbose headers   'content-length': '95',
41 verbose headers   'accept-ranges': 'bytes',
41 verbose headers   date: 'Mon, 06 Mar 2017 23:49:41 GMT',
41 verbose headers   via: '1.1 varnish',
41 verbose headers   connection: 'keep-alive',
41 verbose headers   'x-served-by': 'cache-dfw1820-DFW',
41 verbose headers   'x-cache': 'MISS',
41 verbose headers   'x-cache-hits': '0',
41 verbose headers   'x-timer': 'S1488844181.292252,VS0,VE663',
41 verbose headers   vary: 'Accept-Encoding' }
42 verbose request invalidating /Users/joseo/.npm/registry.npmjs.org/eslint-config-pier1 on PUT
43 error publish Failed PUT 403
44 verbose stack Error: "You cannot publish over the previously published version 0.0.5." : eslint-config-pier1
44 verbose stack     at makeError (/usr/local/lib/node_modules/npm/node_modules/npm-registry-client/lib/request.js:302:12)
44 verbose stack     at CachingRegistryClient.<anonymous> (/usr/local/lib/node_modules/npm/node_modules/npm-registry-client/lib/request.js:290:14)
44 verbose stack     at Request._callback (/usr/local/lib/node_modules/npm/node_modules/npm-registry-client/lib/request.js:210:14)
44 verbose stack     at Request.self.callback (/usr/local/lib/node_modules/npm/node_modules/request/request.js:186:22)
44 verbose stack     at emitTwo (events.js:106:13)
44 verbose stack     at Request.emit (events.js:191:7)
44 verbose stack     at Request.<anonymous> (/usr/local/lib/node_modules/npm/node_modules/request/request.js:1081:10)
44 verbose stack     at emitOne (events.js:96:13)
44 verbose stack     at Request.emit (events.js:188:7)
44 verbose stack     at IncomingMessage.<anonymous> (/usr/local/lib/node_modules/npm/node_modules/request/request.js:1001:12)
45 verbose statusCode 403
46 verbose pkgid eslint-config-pier1
47 verbose cwd /Users/joseo/Projects/Pier1/eslint-config-pier1
48 error Darwin 16.4.0
49 error argv "/usr/local/Cellar/node/7.4.0/bin/node" "/usr/local/bin/npm" "publish"
50 error node v7.4.0
51 error npm  v4.0.5
52 error code E403
53 error "You cannot publish over the previously published version 0.0.5." : eslint-config-pier1
54 error If you need help, you may report this error at:
54 error     <https://github.com/npm/npm/issues>
55 verbose exit [ 1, true ]
